benchmarking1/
benchmarking1/NC_020092.gb
benchmarking1/NC_036967.gb
benchmarking1/NC_034873.gb
benchmarking1/NC_034327.gb
benchmarking1/NC_034856.gb
benchmarking1/NC_034324.gb
benchmarking1/NC_034852.gb
benchmarking1/NC_031396.gb
benchmarking1/NC_036504.gb
benchmarking1/NC_034885.gb
benchmarking1/NC_034854.gb
benchmarking1/NC_034847.gb
benchmarking1/NC_023833.gb
benchmarking1/NC_034881.gb
benchmarking1/NC_034825.gb
benchmarking1/KX499523.gb
benchmarking1/NC_035875.gb
benchmarking1/NC_023110.gb
benchmarking1/NC_031833.gb
benchmarking1/NC_034325.gb
benchmarking1/NC_034882.gb
benchmarking1/NC_036810.gb
benchmarking1/NC_034827.gb
benchmarking1/NC_034850.gb
benchmarking1/NC_034875.gb
benchmarking1/NC_034864.gb
benchmarking1/MG874804.gb
benchmarking1/NC_034648.gb
benchmarking1/NC_034826.gb
benchmarking1/NC_007578.gb
benchmarking1/KM360047.gb
benchmarking1/NC_035884.gb
benchmarking1/NC_036966.gb
benchmarking1/NC_034879.gb
benchmarking1/NC_034819.gb
benchmarking1/NC_031395.gb
benchmarking1/NC_034883.gb
benchmarking1/NC_034858.gb
benchmarking1/NC_034683.gb
benchmarking1/NC_034888.gb
benchmarking1/NC_027835.gb
benchmarking1/Accession_numbers_Asteraceae_YangEtAl2022.txt
benchmarking1/NC_034874.gb
benchmarking1/NC_034901.gb
benchmarking1/KU295560.gb
benchmarking1/NC_030785.gb
benchmarking1/NC_031400.gb
benchmarking1/NC_023114.gb
benchmarking1/NC_023107.gb
benchmarking1/NC_034877.gb
benchmarking1/NC_031399.gb
benchmarking1/NC_034890.gb
benchmarking1/NC_034903.gb
benchmarking1/NC_034849.gb
benchmarking1/NC_034853.gb
benchmarking1/NC_034902.gb
benchmarking1/NC_034870.gb
benchmarking1/NC_034822.gb
benchmarking1/NC_034889.gb
benchmarking1/KP299293.gb
benchmarking1/NC_034820.gb
benchmarking1/NC_030772.gb
benchmarking1/NC_025910.gb
benchmarking1/NC_036831.gb
benchmarking1/NC_023109.gb
benchmarking1/NC_030173.gb
benchmarking1/NC_034811.gb
benchmarking1/NC_028006.gb
benchmarking1/NC_027434.gb
benchmarking1/NC_034884.gb
benchmarking1/KY045817.gb
benchmarking1/NC_010601.gb
benchmarking1/MG913594.gb
benchmarking1/NC_034861.gb
benchmarking1/NC_031815.gb
benchmarking1/NC_034810.gb
benchmarking1/NC_034824.gb
benchmarking1/NC_023111.gb
benchmarking1/NC_034831.gb
benchmarking1/NC_034829.gb
benchmarking1/NC_034813.gb
benchmarking1/NC_031898.gb
benchmarking1/NC_034860.gb
benchmarking1/NC_034899.gb
benchmarking1/NC_028005.gb
benchmarking1/NC_007977.gb
benchmarking1/NC_034865.gb
benchmarking1/NC_030783.gb
benchmarking1/NC_034892.gb
benchmarking1/NC_034320.gb
benchmarking1/NC_034996.gb
benchmarking1/NC_034326.gb
benchmarking1/NC_034876.gb
benchmarking1/NC_034868.gb
benchmarking1/NC_034897.gb
benchmarking1/KX063946.gb
benchmarking1/NC_034823.gb
benchmarking1/NC_034828.gb
benchmarking1/NC_036965.gb
benchmarking1/NC_034814.gb
benchmarking1/NC_020607.gb
benchmarking1/NC_034848.gb
benchmarking1/NC_031816.gb
benchmarking1/NC_032057.gb
benchmarking1/NC_034857.gb
benchmarking1/NC_023108.gb
benchmarking1/MG874805.gb
benchmarking1/NC_023112.gb
benchmarking1/KX085421.gb
benchmarking1/NC_034830.gb
benchmarking1/NC_034832.gb
benchmarking1/NC_036832.gb
benchmarking1/NC_030275.gb
benchmarking1/NC_034323.gb
benchmarking1/NC_034855.gb
benchmarking1/NC_023113.gb
benchmarking1/NC_034815.gb
benchmarking1/NC_034817.gb
benchmarking1/NC_034898.gb
benchmarking1/NC_034878.gb
benchmarking1/NC_034869.gb
benchmarking1/NC_034871.gb
benchmarking1/NC_034896.gb
benchmarking1/NC_034851.gb
benchmarking1/NC_034322.gb
benchmarking1/NC_034872.gb
benchmarking1/NC_034893.gb
benchmarking1/NC_034866.gb
benchmarking1/NC_034859.gb
benchmarking1/NC_034880.gb
benchmarking1/NC_034894.gb
benchmarking1/NC_032056.gb
benchmarking1/NC_020320.gb
benchmarking1/NC_034321.gb
benchmarking1/KT988070.gb
benchmarking1/NC_034895.gb
benchmarking1/KU360270.gb
benchmarking1/NC_034863.gb
benchmarking1/NC_015543.gb
benchmarking1/NC_034812.gb
benchmarking1/NC_036833.gb
benchmarking1/NC_034886.gb
benchmarking1/NC_034900.gb
benchmarking1/NC_034328.gb
benchmarking1/NC_034816.gb
benchmarking1/NC_034867.gb
benchmarking1/NC_034821.gb
benchmarking1/KY965816.gb
benchmarking1/NC_024286.gb
benchmarking1/NC_034818.gb
benchmarking1/NC_034891.gb
benchmarking1/NC_034862.gb
benchmarking1/NC_031853.gb
benchmarking1/NC_028027.gb
benchmarking1/NC_034887.gb
benchmarking1/NC_027113.gb
2023-11-02 13:37:09 [INFO] extracting annotations from genome records
2023-11-02 13:37:09 [INFO] reading file `MG874804.gb`
2023-11-02 13:37:09 [INFO] reading file `NC_036810.gb`
2023-11-02 13:37:09 [INFO] reading file `NC_034326.gb`
2023-11-02 13:37:10 [INFO] reading file `NC_034872.gb`
2023-11-02 13:37:10 [INFO] reading file `NC_034848.gb`
2023-11-02 13:37:10 [INFO] reading file `NC_034814.gb`
2023-11-02 13:37:10 [INFO] reading file `NC_023109.gb`
2023-11-02 13:37:10 [INFO] reading file `NC_036833.gb`
2023-11-02 13:37:10 [INFO] reading file `NC_030772.gb`
2023-11-02 13:37:10 [INFO] reading file `NC_034864.gb`
2023-11-02 13:37:10 [INFO] reading file `NC_020320.gb`
2023-11-02 13:37:10 [INFO] reading file `NC_034825.gb`
2023-11-02 13:37:11 [INFO] reading file `NC_034823.gb`
2023-11-02 13:37:11 [INFO] reading file `NC_028027.gb`
2023-11-02 13:37:11 [INFO] reading file `NC_034321.gb`
2023-11-02 13:37:11 [INFO] reading file `KY045817.gb`
/opt/software/software/Biopython/1.79-foss-2021b/lib/python3.9/site-packages/Bio/Seq.py:2979: BiopythonWarning: Partial codon, len(sequence) not a multiple of three. Explicitly trim the sequence or add trailing N before translation. This may become an error in future.
  warnings.warn(
2023-11-02 13:37:11 [INFO] reading file `NC_031853.gb`
2023-11-02 13:37:11 [INFO] reading file `NC_034861.gb`
2023-11-02 13:37:11 [INFO] reading file `NC_027113.gb`
2023-11-02 13:37:11 [INFO] reading file `NC_034869.gb`
2023-11-02 13:37:12 [INFO] reading file `NC_023108.gb`
2023-11-02 13:37:12 [INFO] reading file `NC_034849.gb`
2023-11-02 13:37:12 [INFO] reading file `NC_034828.gb`
2023-11-02 13:37:12 [INFO] reading file `NC_034856.gb`
2023-11-02 13:37:12 [INFO] reading file `NC_034895.gb`
2023-11-02 13:37:12 [INFO] reading file `NC_034860.gb`
2023-11-02 13:37:12 [INFO] reading file `NC_034324.gb`
2023-11-02 13:37:12 [INFO] reading file `KU360270.gb`
2023-11-02 13:37:12 [INFO] reading file `NC_034873.gb`
2023-11-02 13:37:13 [INFO] reading file `NC_034851.gb`
2023-11-02 13:37:13 [INFO] reading file `NC_034818.gb`
2023-11-02 13:37:13 [INFO] reading file `NC_030783.gb`
2023-11-02 13:37:13 [INFO] reading file `NC_023111.gb`
2023-11-02 13:37:13 [INFO] reading file `NC_034901.gb`
2023-11-02 13:37:13 [INFO] reading file `NC_034831.gb`
2023-11-02 13:37:13 [INFO] reading file `NC_034882.gb`
2023-11-02 13:37:13 [INFO] reading file `NC_023833.gb`
2023-11-02 13:37:13 [INFO] reading file `NC_036965.gb`
2023-11-02 13:37:14 [INFO] reading file `KT988070.gb`
2023-11-02 13:37:14 [INFO] reading file `NC_023113.gb`
2023-11-02 13:37:14 [INFO] reading file `KY965816.gb`
2023-11-02 13:37:14 [INFO] reading file `NC_034812.gb`
2023-11-02 13:37:14 [INFO] reading file `NC_034817.gb`
2023-11-02 13:37:14 [INFO] reading file `NC_035875.gb`
2023-11-02 13:37:14 [INFO] reading file `NC_031815.gb`
2023-11-02 13:37:14 [INFO] reading file `NC_034811.gb`
2023-11-02 13:37:14 [INFO] reading file `NC_036832.gb`
2023-11-02 13:37:14 [INFO] reading file `NC_034322.gb`
2023-11-02 13:37:15 [INFO] reading file `NC_034888.gb`
2023-11-02 13:37:15 [INFO] reading file `NC_034320.gb`
2023-11-02 13:37:15 [INFO] reading file `NC_028005.gb`
2023-11-02 13:37:15 [INFO] reading file `NC_034877.gb`
2023-11-02 13:37:15 [INFO] reading file `NC_034879.gb`
2023-11-02 13:37:15 [INFO] reading file `NC_020092.gb`
2023-11-02 13:37:15 [INFO] reading file `NC_031396.gb`
2023-11-02 13:37:15 [INFO] reading file `NC_023107.gb`
2023-11-02 13:37:16 [INFO] reading file `NC_034890.gb`
2023-11-02 13:37:16 [INFO] reading file `NC_034323.gb`
2023-11-02 13:37:16 [INFO] reading file `NC_034898.gb`
2023-11-02 13:37:16 [INFO] reading file `NC_027434.gb`
2023-11-02 13:37:16 [INFO] reading file `NC_034815.gb`
2023-11-02 13:37:16 [INFO] reading file `NC_034886.gb`
2023-11-02 13:37:16 [INFO] reading file `NC_034826.gb`
2023-11-02 13:37:16 [INFO] reading file `NC_036966.gb`
2023-11-02 13:37:16 [INFO] reading file `NC_034896.gb`
2023-11-02 13:37:17 [INFO] reading file `NC_034648.gb`
2023-11-02 13:37:17 [INFO] reading file `NC_034881.gb`
2023-11-02 13:37:17 [INFO] reading file `NC_032056.gb`
2023-11-02 13:37:17 [INFO] reading file `NC_034855.gb`
2023-11-02 13:37:17 [INFO] reading file `KM360047.gb`
2023-11-02 13:37:17 [INFO] reading file `NC_035884.gb`
2023-11-02 13:37:17 [INFO] reading file `NC_031399.gb`
2023-11-02 13:37:17 [INFO] reading file `MG913594.gb`
2023-11-02 13:37:17 [INFO] reading file `NC_023112.gb`
2023-11-02 13:37:18 [INFO] reading file `NC_034897.gb`
2023-11-02 13:37:18 [INFO] reading file `NC_010601.gb`
2023-11-02 13:37:18 [INFO] reading file `NC_028006.gb`
2023-11-02 13:37:18 [INFO] reading file `NC_034893.gb`
2023-11-02 13:37:18 [INFO] reading file `NC_034829.gb`
2023-11-02 13:37:18 [INFO] reading file `NC_034857.gb`
2023-11-02 13:37:18 [INFO] reading file `NC_034821.gb`
2023-11-02 13:37:18 [INFO] reading file `NC_034894.gb`
2023-11-02 13:37:18 [INFO] reading file `KX063946.gb`
2023-11-02 13:37:19 [INFO] reading file `NC_034871.gb`
2023-11-02 13:37:19 [INFO] reading file `KU295560.gb`
2023-11-02 13:37:19 [INFO] reading file `NC_032057.gb`
2023-11-02 13:37:19 [INFO] reading file `NC_020607.gb`
2023-11-02 13:37:19 [INFO] reading file `NC_023114.gb`
2023-11-02 13:37:19 [INFO] reading file `NC_034863.gb`
2023-11-02 13:37:19 [INFO] reading file `NC_024286.gb`
2023-11-02 13:37:19 [INFO] reading file `NC_031400.gb`
2023-11-02 13:37:19 [INFO] reading file `NC_034887.gb`
2023-11-02 13:37:20 [INFO] reading file `NC_036831.gb`
2023-11-02 13:37:20 [INFO] reading file `NC_034832.gb`
2023-11-02 13:37:20 [INFO] reading file `NC_034866.gb`
2023-11-02 13:37:20 [INFO] reading file `NC_034327.gb`
2023-11-02 13:37:20 [INFO] reading file `NC_034858.gb`
2023-11-02 13:37:20 [INFO] reading file `NC_034820.gb`
2023-11-02 13:37:20 [INFO] reading file `NC_034853.gb`
2023-11-02 13:37:20 [INFO] reading file `NC_034328.gb`
2023-11-02 13:37:21 [INFO] reading file `NC_034892.gb`
2023-11-02 13:37:21 [INFO] reading file `NC_034884.gb`
2023-11-02 13:37:21 [INFO] reading file `NC_034827.gb`
2023-11-02 13:37:21 [INFO] reading file `NC_036967.gb`
2023-11-02 13:37:21 [INFO] reading file `NC_034862.gb`
2023-11-02 13:37:21 [INFO] reading file `NC_034325.gb`
2023-11-02 13:37:21 [INFO] reading file `NC_034868.gb`
2023-11-02 13:37:21 [INFO] reading file `KX085421.gb`
2023-11-02 13:37:21 [INFO] reading file `NC_031833.gb`
2023-11-02 13:37:22 [INFO] reading file `NC_007578.gb`
2023-11-02 13:37:22 [INFO] reading file `NC_034870.gb`
2023-11-02 13:37:22 [INFO] reading file `NC_034867.gb`
2023-11-02 13:37:22 [INFO] reading file `NC_034852.gb`
2023-11-02 13:37:22 [INFO] reading file `NC_034830.gb`
2023-11-02 13:37:22 [INFO] reading file `NC_034813.gb`
2023-11-02 13:37:22 [INFO] reading file `NC_034891.gb`
2023-11-02 13:37:22 [INFO] reading file `NC_023110.gb`
2023-11-02 13:37:22 [INFO] reading file `KX499523.gb`
2023-11-02 13:37:23 [INFO] reading file `NC_034899.gb`
2023-11-02 13:37:23 [INFO] reading file `NC_030173.gb`
2023-11-02 13:37:23 [INFO] reading file `NC_015543.gb`
2023-11-02 13:37:23 [INFO] reading file `NC_034902.gb`
2023-11-02 13:37:23 [INFO] reading file `NC_034903.gb`
2023-11-02 13:37:23 [INFO] reading file `NC_034816.gb`
2023-11-02 13:37:23 [INFO] reading file `NC_034996.gb`
2023-11-02 13:37:23 [INFO] reading file `NC_034822.gb`
2023-11-02 13:37:23 [INFO] reading file `NC_034875.gb`
2023-11-02 13:37:24 [INFO] reading file `NC_034850.gb`
2023-11-02 13:37:24 [INFO] reading file `NC_031395.gb`
2023-11-02 13:37:24 [INFO] reading file `NC_034889.gb`
2023-11-02 13:37:24 [INFO] reading file `NC_034847.gb`
2023-11-02 13:37:24 [INFO] reading file `NC_030785.gb`
2023-11-02 13:37:24 [INFO] reading file `KP299293.gb`
2023-11-02 13:37:24 [INFO] reading file `NC_034876.gb`
2023-11-02 13:37:25 [INFO] reading file `NC_007977.gb`
2023-11-02 13:37:25 [INFO] reading file `NC_025910.gb`
2023-11-02 13:37:25 [INFO] reading file `NC_036504.gb`
2023-11-02 13:37:26 [INFO] reading file `NC_034824.gb`
2023-11-02 13:37:26 [INFO] reading file `NC_034885.gb`
2023-11-02 13:37:27 [INFO] reading file `NC_027835.gb`
2023-11-02 13:37:27 [INFO] reading file `NC_034865.gb`
2023-11-02 13:37:27 [INFO] reading file `NC_034900.gb`
2023-11-02 13:37:28 [INFO] reading file `NC_034859.gb`
2023-11-02 13:37:28 [INFO] reading file `NC_034880.gb`
2023-11-02 13:37:28 [INFO] reading file `NC_034810.gb`
2023-11-02 13:37:29 [INFO] reading file `NC_034874.gb`
2023-11-02 13:37:29 [INFO] reading file `NC_031816.gb`
2023-11-02 13:37:30 [INFO] reading file `NC_034883.gb`
2023-11-02 13:37:30 [INFO] reading file `NC_030275.gb`
2023-11-02 13:37:31 [INFO] reading file `NC_034683.gb`
2023-11-02 13:37:31 [INFO] reading file `MG874805.gb`
2023-11-02 13:37:31 [INFO] reading file `NC_031898.gb`
2023-11-02 13:37:32 [INFO] reading file `NC_034854.gb`
2023-11-02 13:37:32 [INFO] reading file `NC_034819.gb`
2023-11-02 13:37:32 [INFO] reading file `NC_034878.gb`
2023-11-02 13:37:33 [INFO] removing duplicate annotations
2023-11-02 13:37:33 [INFO] removing annotations that occur in fewer than 1 taxa
2023-11-02 13:37:33 [INFO] removing ORFs
2023-11-02 13:37:33 [INFO] removing user-defined genes
2023-11-02 13:37:33 [INFO] extracting and combining nucleotide sequences genewise
2023-11-02 13:37:33 [INFO] conducting multiple sequence alignment based on protein sequence data, followed by back-translation to nucleotides
2023-11-02 13:38:52 [WARNING] Unable to conduct back-translation of `ycf1`. Command used: python3 /homes/dariusm/GenomicsProject/align_back_trans.py fasta benchmarking1/output_CDS/prot_ycf1.aligned.fasta benchmarking1/output_CDS/nucl_ycf1.unalign.fasta benchmarking1/output_CDS/nucl_ycf1.aligned.fasta 11. Error message: Nucleotide sequence for ycf1_NC_036966 is length 581 (not a multiple of three)

2023-11-02 13:38:57 [WARNING] Unable to conduct back-translation of `ndhF`. Command used: python3 /homes/dariusm/GenomicsProject/align_back_trans.py fasta benchmarking1/output_CDS/prot_ndhF.aligned.fasta benchmarking1/output_CDS/nucl_ndhF.unalign.fasta benchmarking1/output_CDS/nucl_ndhF.aligned.fasta 11. Error message: Nucleotide sequence for ndhF_KY045817 is length 2179 (not a multiple of three)

2023-11-02 13:38:59 [INFO] converting FASTA alignment to NEXUS alignment
2023-11-02 13:39:24 [WARNING] Unable to convert alignment of `ycf1` from FASTA to NEXUS
2023-11-02 13:39:28 [WARNING] Unable to convert alignment of `ndhF` from FASTA to NEXUS
2023-11-02 13:39:28 [INFO] concatenate alignments (in no particular order)
2023-11-02 13:39:38 [INFO] end of script


------------- starting to run PlastomeBurstAndAlign ------------

benchmarking1 directory and its contents have been deleted.

 --- Time to run PlastomeBurstAndAlign = 164.3785 seconds --- 

